<?xml version="1.0" encoding="UTF-8"?>
<!-- Generated by org.testng.reporters.JUnitReportReporter -->
<testsuite hostname="Paulson" failures="0" tests="5" name="testCases.TC_003_LoginDDT" time="35.195" errors="0" timestamp="2023-04-28T18:35:29 BST" skipped="0">
  <testcase classname="testCases.TC_003_LoginDDT" name="testLogin" time="10.691"/>
  <system-out/>
  <testcase classname="testCases.TC_003_LoginDDT" name="testLogin" time="1.001"/>
  <system-out/>
  <testcase classname="testCases.TC_003_LoginDDT" name="testLogin" time="10.730"/>
  <system-out/>
  <testcase classname="testCases.TC_003_LoginDDT" name="testLogin" time="10.648"/>
  <system-out/>
  <testcase classname="testCases.TC_003_LoginDDT" name="testLogin" time="2.125"/>
  <system-out/>
</testsuite> <!-- testCases.TC_003_LoginDDT -->
