<?xml version="1.0" encoding="UTF-8"?>
<!-- Generated by org.testng.reporters.JUnitReportReporter -->
<testsuite hostname="Paulson" failures="0" tests="1" name="testCases.TC_001_AccountRegistrationTest" time="5.593" errors="0" timestamp="2023-04-28T22:42:14 BST" skipped="0">
  <testcase classname="testCases.TC_001_AccountRegistrationTest" name="test_account_Registration" time="5.593"/>
  <system-out/>
</testsuite> <!-- testCases.TC_001_AccountRegistrationTest -->
