<?xml version="1.0" encoding="UTF-8"?>
<!-- Generated by org.testng.reporters.JUnitReportReporter -->
<testsuite hostname="Paulson" failures="0" tests="1" name="testCases.TC_002_Login" time="2.358" errors="0" timestamp="2023-04-29T01:32:52 BST" skipped="0">
  <testcase classname="testCases.TC_002_Login" name="test_Login" time="2.358"/>
  <system-out/>
</testsuite> <!-- testCases.TC_002_Login -->
